0 info it worked if it ends with ok
1 verbose cli [ '/usr/local/bin/node',
1 verbose cli   '/usr/local/bin/npm',
1 verbose cli   'install',
1 verbose cli   'gzippo',
1 verbose cli   'express',
1 verbose cli   '--save' ]
2 info using npm@1.3.21
3 info using node@v0.10.24
4 warn package.json musictastes@0.0.0 No description
5 warn package.json musictastes@0.0.0 No repository field.
6 warn package.json musictastes@0.0.0 No README data
7 verbose readDependencies using package.json deps
8 verbose cache add [ 'gzippo', null ]
9 verbose cache add name=undefined spec="gzippo" args=["gzippo",null]
10 verbose parsed url { protocol: null,
10 verbose parsed url   slashes: null,
10 verbose parsed url   auth: null,
10 verbose parsed url   host: null,
10 verbose parsed url   port: null,
10 verbose parsed url   hostname: null,
10 verbose parsed url   hash: null,
10 verbose parsed url   search: null,
10 verbose parsed url   query: null,
10 verbose parsed url   pathname: 'gzippo',
10 verbose parsed url   path: 'gzippo',
10 verbose parsed url   href: 'gzippo' }
11 verbose cache add [ 'express', null ]
12 verbose cache add name=undefined spec="express" args=["express",null]
13 verbose parsed url { protocol: null,
13 verbose parsed url   slashes: null,
13 verbose parsed url   auth: null,
13 verbose parsed url   host: null,
13 verbose parsed url   port: null,
13 verbose parsed url   hostname: null,
13 verbose parsed url   hash: null,
13 verbose parsed url   search: null,
13 verbose parsed url   query: null,
13 verbose parsed url   pathname: 'express',
13 verbose parsed url   path: 'express',
13 verbose parsed url   href: 'express' }
14 silly lockFile bfe3231d-gzippo gzippo
15 verbose lock gzippo /home/balmasi/.npm/bfe3231d-gzippo.lock
16 silly lockFile f3c62de4-express express
17 verbose lock express /home/balmasi/.npm/f3c62de4-express.lock
18 silly lockFile bfe3231d-gzippo gzippo
19 silly lockFile bfe3231d-gzippo gzippo
20 silly lockFile f3c62de4-express express
21 silly lockFile f3c62de4-express express
22 verbose addNamed [ 'gzippo', '' ]
23 verbose addNamed [ null, '*' ]
24 silly lockFile cd6ce3bd-gzippo gzippo@
25 verbose lock gzippo@ /home/balmasi/.npm/cd6ce3bd-gzippo.lock
26 verbose addNamed [ 'express', '' ]
27 verbose addNamed [ null, '*' ]
28 silly lockFile 64a534c1-express express@
29 verbose lock express@ /home/balmasi/.npm/64a534c1-express.lock
30 silly addNameRange { name: 'gzippo', range: '*', hasData: false }
31 silly addNameRange { name: 'express', range: '*', hasData: false }
32 verbose url raw gzippo
33 verbose url resolving [ 'https://registry.npmjs.org/', './gzippo' ]
34 verbose url resolved https://registry.npmjs.org/gzippo
35 info trying registry request attempt 1 at 18:15:52
36 http GET https://registry.npmjs.org/gzippo
37 verbose url raw express
38 verbose url resolving [ 'https://registry.npmjs.org/', './express' ]
39 verbose url resolved https://registry.npmjs.org/express
40 info trying registry request attempt 1 at 18:15:52
41 http GET https://registry.npmjs.org/express
42 http 200 https://registry.npmjs.org/gzippo
43 silly registry.get cb [ 200,
43 silly registry.get   { date: 'Thu, 16 Jan 2014 23:15:53 GMT',
43 silly registry.get     server: 'CouchDB/1.5.0 (Erlang OTP/R15B03)',
43 silly registry.get     etag: '"1KDBIM48CSDM46S1JMCQQUAS9"',
43 silly registry.get     'content-type': 'application/json',
43 silly registry.get     'content-length': '35927',
43 silly registry.get     'accept-ranges': 'bytes',
43 silly registry.get     via: '1.1 varnish',
43 silly registry.get     age: '0',
43 silly registry.get     'x-served-by': 'cache-jfk1024-JFK',
43 silly registry.get     'x-cache': 'MISS',
43 silly registry.get     'x-cache-hits': '0',
43 silly registry.get     'x-timer': 'S1389914152.937602520,VS0,VE146',
43 silly registry.get     vary: 'Accept',
43 silly registry.get     'keep-alive': 'timeout=10, max=50',
43 silly registry.get     connection: 'Keep-Alive' } ]
44 silly addNameRange number 2 { name: 'gzippo', range: '*', hasData: true }
45 silly addNameRange versions [ 'gzippo',
45 silly addNameRange   [ '0.0.1',
45 silly addNameRange     '0.0.2',
45 silly addNameRange     '0.0.3',
45 silly addNameRange     '0.0.4',
45 silly addNameRange     '0.0.5',
45 silly addNameRange     '0.0.6',
45 silly addNameRange     '0.0.7',
45 silly addNameRange     '0.1.0',
45 silly addNameRange     '0.0.8',
45 silly addNameRange     '0.1.1',
45 silly addNameRange     '0.1.2',
45 silly addNameRange     '0.0.9',
45 silly addNameRange     '0.1.3',
45 silly addNameRange     '0.0.10',
45 silly addNameRange     '0.1.4',
45 silly addNameRange     '0.1.6',
45 silly addNameRange     '0.1.7',
45 silly addNameRange     '0.2.0' ] ]
46 verbose addNamed [ 'gzippo', '0.2.0' ]
47 verbose addNamed [ '0.2.0', '0.2.0' ]
48 silly lockFile de4fcc78-gzippo-0-2-0 gzippo@0.2.0
49 verbose lock gzippo@0.2.0 /home/balmasi/.npm/de4fcc78-gzippo-0-2-0.lock
50 silly lockFile 0549b9b1-pmjs-org-gzippo-gzippo-0-2-0-tgz https://registry.npmjs.org/gzippo/-/gzippo-0.2.0.tgz
51 verbose lock https://registry.npmjs.org/gzippo/-/gzippo-0.2.0.tgz /home/balmasi/.npm/0549b9b1-pmjs-org-gzippo-gzippo-0-2-0-tgz.lock
52 verbose addRemoteTarball [ 'https://registry.npmjs.org/gzippo/-/gzippo-0.2.0.tgz',
52 verbose addRemoteTarball   'ffc594c482190c56531ed2d4a5864d0b0b7d2733' ]
53 silly lockFile 0549b9b1-pmjs-org-gzippo-gzippo-0-2-0-tgz https://registry.npmjs.org/gzippo/-/gzippo-0.2.0.tgz
54 silly lockFile 0549b9b1-pmjs-org-gzippo-gzippo-0-2-0-tgz https://registry.npmjs.org/gzippo/-/gzippo-0.2.0.tgz
55 silly lockFile de4fcc78-gzippo-0-2-0 gzippo@0.2.0
56 silly lockFile de4fcc78-gzippo-0-2-0 gzippo@0.2.0
57 silly lockFile cd6ce3bd-gzippo gzippo@
58 silly lockFile cd6ce3bd-gzippo gzippo@
59 error Error: EACCES, mkdir '/home/balmasi/tmp/npm-9557-h-LS6LWc'
59 error  { [Error: EACCES, mkdir '/home/balmasi/tmp/npm-9557-h-LS6LWc']
59 error   errno: 3,
59 error   code: 'EACCES',
59 error   path: '/home/balmasi/tmp/npm-9557-h-LS6LWc' }
60 error Please try running this command again as root/Administrator.
61 error System Linux 3.8.0-35-generic
62 error command "/usr/local/bin/node" "/usr/local/bin/npm" "install" "gzippo" "express" "--save"
63 error cwd /home/balmasi/Workspace/music-tastes
64 error node -v v0.10.24
65 error npm -v 1.3.21
66 error path /home/balmasi/tmp/npm-9557-h-LS6LWc
67 error code EACCES
68 error errno 3
69 error stack Error: EACCES, mkdir '/home/balmasi/tmp/npm-9557-h-LS6LWc'
70 verbose exit [ 3, true ]
